2023-05-04 13:08:18,557 [main] [INFO ] - [org.springframework.boot.StartupInfoLogger.logStarting(StartupInfoLogger.java:55)] - Starting MobileCustomerServiceApplicationTests using Java 1.8.0_352 on INL-1D242B3 with PID 14896 (started by manish.kumar16 in C:\POC\FLP_POC_2023\POC_02_Microservice\MobileCustomerService)
2023-05-04 13:08:18,623 [main] [DEBUG] - [org.springframework.boot.StartupInfoLogger.logStarting(StartupInfoLogger.java:56)] - Running with Spring Boot v2.7.10, Spring v5.3.26
2023-05-04 13:08:18,625 [main] [INFO ] - [org.springframework.boot.SpringApplication.logStartupProfileInfo(SpringApplication.java:631)] - No active profile set, falling back to 1 default profile: "default"
2023-05-04 13:08:51,500 [main] [INFO ] - [org.springframework.boot.StartupInfoLogger.logStarted(StartupInfoLogger.java:61)] - Started MobileCustomerServiceApplicationTests in 35.402 seconds (JVM running for 42.11)
2023-05-04 13:20:23,314 [main] [INFO ] - [org.springframework.boot.StartupInfoLogger.logStarting(StartupInfoLogger.java:55)] - Starting MobileCustomerServiceApplicationTests using Java 17.0.6 on INL-1D242B3 with PID 14864 (started by manish.kumar16 in C:\POC\FLP_POC_2023\POC_02_Microservice\MobileCustomerService)
2023-05-04 13:20:23,358 [main] [DEBUG] - [org.springframework.boot.StartupInfoLogger.logStarting(StartupInfoLogger.java:56)] - Running with Spring Boot v2.7.10, Spring v5.3.26
2023-05-04 13:20:23,360 [main] [INFO ] - [org.springframework.boot.SpringApplication.logStartupProfileInfo(SpringApplication.java:631)] - No active profile set, falling back to 1 default profile: "default"
2023-05-04 13:20:49,732 [main] [INFO ] - [org.springframework.boot.StartupInfoLogger.logStarted(StartupInfoLogger.java:61)] - Started MobileCustomerServiceApplicationTests in 28.26 seconds (JVM running for 33.678)
2023-05-04 13:21:35,609 [restartedMain] [INFO ] - [org.springframework.boot.StartupInfoLogger.logStarting(StartupInfoLogger.java:55)] - Starting MobileCustomerServiceApplication using Java 17.0.6 on INL-1D242B3 with PID 26296 (C:\POC\FLP_POC_2023\POC_02_Microservice\MobileCustomerService\target\classes started by manish.kumar16 in C:\POC\FLP_POC_2023\POC_02_Microservice\MobileCustomerService)
2023-05-04 13:21:35,629 [restartedMain] [DEBUG] - [org.springframework.boot.StartupInfoLogger.logStarting(StartupInfoLogger.java:56)] - Running with Spring Boot v2.7.10, Spring v5.3.26
2023-05-04 13:21:35,630 [restartedMain] [INFO ] - [org.springframework.boot.SpringApplication.logStartupProfileInfo(SpringApplication.java:631)] - No active profile set, falling back to 1 default profile: "default"
2023-05-04 13:21:53,058 [restartedMain] [INFO ] - [org.springframework.boot.StartupInfoLogger.logStarted(StartupInfoLogger.java:61)] - Started MobileCustomerServiceApplication in 20.092 seconds (JVM running for 24.266)
2023-05-04 13:21:53,064 [restartedMain] [INFO ] - [com.cgi.mobile.MobileCustomerServiceApplication.main(MobileCustomerServiceApplication.java:19)] -  >>>>>>>>>>>>>>>>>>> POC02 MOBILE-SERVICE(MS-1) Springboot application - Started Successfully >>>>>>>>>>>>>>>>> 
2023-05-04 13:24:41,112 [http-nio-8083-exec-6] [INFO ] - [com.cgi.mobile.controller.MobileServiceController.getAllMobileCustomer(MobileServiceController.java:54)] - inside getAllMobileCustomer() method ...
2023-05-04 13:24:41,114 [http-nio-8083-exec-6] [INFO ] - [com.cgi.mobile.service.MobileCustomerServiceImpl.getAllMobileCustomers(MobileCustomerServiceImpl.java:37)] - inside getAllMobileCustomers() method..
2023-05-04 13:34:52,204 [http-nio-8083-exec-2] [INFO ] - [com.cgi.mobile.controller.MobileServiceController.getAllMobileCustomer(MobileServiceController.java:54)] - inside getAllMobileCustomer() method ...
2023-05-04 13:34:52,205 [http-nio-8083-exec-2] [INFO ] - [com.cgi.mobile.service.MobileCustomerServiceImpl.getAllMobileCustomers(MobileCustomerServiceImpl.java:37)] - inside getAllMobileCustomers() method..
2023-05-04 13:35:38,148 [http-nio-8083-exec-6] [INFO ] - [com.cgi.mobile.controller.MobileServiceController.createMobileCustomer(MobileServiceController.java:41)] - inside createMobileCustomer method ...
2023-05-04 13:35:38,149 [http-nio-8083-exec-6] [INFO ] - [com.cgi.mobile.service.MobileCustomerServiceImpl.saveMobileCustomers(MobileCustomerServiceImpl.java:31)] - inside saveMobileCustomers method..
2023-05-04 13:37:28,684 [http-nio-8083-exec-3] [INFO ] - [com.cgi.mobile.controller.MobileServiceController.getAllMobileCustomer(MobileServiceController.java:54)] - inside getAllMobileCustomer() method ...
2023-05-04 13:37:28,685 [http-nio-8083-exec-3] [INFO ] - [com.cgi.mobile.service.MobileCustomerServiceImpl.getAllMobileCustomers(MobileCustomerServiceImpl.java:37)] - inside getAllMobileCustomers() method..
2023-05-04 13:39:27,866 [http-nio-8083-exec-9] [INFO ] - [com.cgi.mobile.controller.MobileServiceController.createMobileCustomer(MobileServiceController.java:41)] - inside createMobileCustomer method ...
2023-05-04 13:39:27,867 [http-nio-8083-exec-9] [INFO ] - [com.cgi.mobile.service.MobileCustomerServiceImpl.saveMobileCustomers(MobileCustomerServiceImpl.java:31)] - inside saveMobileCustomers method..
2023-05-04 13:39:57,702 [http-nio-8083-exec-4] [INFO ] - [com.cgi.mobile.controller.MobileServiceController.createMobileCustomer(MobileServiceController.java:41)] - inside createMobileCustomer method ...
2023-05-04 13:39:57,703 [http-nio-8083-exec-4] [INFO ] - [com.cgi.mobile.service.MobileCustomerServiceImpl.saveMobileCustomers(MobileCustomerServiceImpl.java:31)] - inside saveMobileCustomers method..
2023-05-04 13:40:38,580 [http-nio-8083-exec-7] [INFO ] - [com.cgi.mobile.controller.MobileServiceController.createMobileCustomer(MobileServiceController.java:41)] - inside createMobileCustomer method ...
2023-05-04 13:40:38,581 [http-nio-8083-exec-7] [INFO ] - [com.cgi.mobile.service.MobileCustomerServiceImpl.saveMobileCustomers(MobileCustomerServiceImpl.java:31)] - inside saveMobileCustomers method..
2023-05-04 13:41:06,878 [http-nio-8083-exec-7] [INFO ] - [com.cgi.mobile.controller.MobileServiceController.createMobileCustomer(MobileServiceController.java:41)] - inside createMobileCustomer method ...
2023-05-04 13:41:06,879 [http-nio-8083-exec-7] [INFO ] - [com.cgi.mobile.service.MobileCustomerServiceImpl.saveMobileCustomers(MobileCustomerServiceImpl.java:31)] - inside saveMobileCustomers method..
2023-05-04 13:42:20,676 [restartedMain] [INFO ] - [org.springframework.boot.StartupInfoLogger.logStarting(StartupInfoLogger.java:55)] - Starting MobileCustomerServiceApplication using Java 17.0.6 on INL-1D242B3 with PID 23340 (C:\POC\FLP_POC_2023\POC_02_Microservice\MobileCustomerService\target\classes started by manish.kumar16 in C:\POC\FLP_POC_2023\POC_02_Microservice\MobileCustomerService)
2023-05-04 13:42:20,689 [restartedMain] [DEBUG] - [org.springframework.boot.StartupInfoLogger.logStarting(StartupInfoLogger.java:56)] - Running with Spring Boot v2.7.10, Spring v5.3.26
2023-05-04 13:42:20,690 [restartedMain] [INFO ] - [org.springframework.boot.SpringApplication.logStartupProfileInfo(SpringApplication.java:631)] - No active profile set, falling back to 1 default profile: "default"
2023-05-04 13:42:38,562 [restartedMain] [INFO ] - [org.springframework.boot.StartupInfoLogger.logStarted(StartupInfoLogger.java:61)] - Started MobileCustomerServiceApplication in 19.61 seconds (JVM running for 23.468)
2023-05-04 13:42:38,575 [restartedMain] [INFO ] - [com.cgi.mobile.MobileCustomerServiceApplication.main(MobileCustomerServiceApplication.java:19)] -  >>>>>>>>>>>>>>>>>>> POC02 MOBILE-SERVICE(MS-1) Springboot application - Started Successfully >>>>>>>>>>>>>>>>> 
2023-05-04 13:43:24,515 [http-nio-8083-exec-1] [INFO ] - [com.cgi.mobile.controller.MobileServiceController.createMobileCustomer(MobileServiceController.java:41)] - inside createMobileCustomer method ...
2023-05-04 13:43:24,518 [http-nio-8083-exec-1] [INFO ] - [com.cgi.mobile.service.MobileCustomerServiceImpl.saveMobileCustomers(MobileCustomerServiceImpl.java:31)] - inside saveMobileCustomers method..
2023-05-04 13:43:50,985 [http-nio-8083-exec-2] [INFO ] - [com.cgi.mobile.controller.MobileServiceController.createMobileCustomer(MobileServiceController.java:41)] - inside createMobileCustomer method ...
2023-05-04 13:43:50,987 [http-nio-8083-exec-2] [INFO ] - [com.cgi.mobile.service.MobileCustomerServiceImpl.saveMobileCustomers(MobileCustomerServiceImpl.java:31)] - inside saveMobileCustomers method..
2023-05-04 13:44:22,343 [http-nio-8083-exec-3] [INFO ] - [com.cgi.mobile.controller.MobileServiceController.getAllMobileCustomer(MobileServiceController.java:54)] - inside getAllMobileCustomer() method ...
2023-05-04 13:44:22,344 [http-nio-8083-exec-3] [INFO ] - [com.cgi.mobile.service.MobileCustomerServiceImpl.getAllMobileCustomers(MobileCustomerServiceImpl.java:37)] - inside getAllMobileCustomers() method..
2023-05-04 13:44:48,830 [http-nio-8083-exec-4] [INFO ] - [com.cgi.mobile.controller.MobileServiceController.createMobileCustomer(MobileServiceController.java:41)] - inside createMobileCustomer method ...
2023-05-04 13:44:48,831 [http-nio-8083-exec-4] [INFO ] - [com.cgi.mobile.service.MobileCustomerServiceImpl.saveMobileCustomers(MobileCustomerServiceImpl.java:31)] - inside saveMobileCustomers method..
2023-05-04 13:45:03,939 [http-nio-8083-exec-5] [INFO ] - [com.cgi.mobile.controller.MobileServiceController.createMobileCustomer(MobileServiceController.java:41)] - inside createMobileCustomer method ...
2023-05-04 13:45:03,940 [http-nio-8083-exec-5] [INFO ] - [com.cgi.mobile.service.MobileCustomerServiceImpl.saveMobileCustomers(MobileCustomerServiceImpl.java:31)] - inside saveMobileCustomers method..
2023-05-04 13:45:26,917 [http-nio-8083-exec-6] [INFO ] - [com.cgi.mobile.controller.MobileServiceController.createMobileCustomer(MobileServiceController.java:41)] - inside createMobileCustomer method ...
2023-05-04 13:45:26,918 [http-nio-8083-exec-6] [INFO ] - [com.cgi.mobile.service.MobileCustomerServiceImpl.saveMobileCustomers(MobileCustomerServiceImpl.java:31)] - inside saveMobileCustomers method..
2023-05-04 13:45:52,360 [http-nio-8083-exec-7] [INFO ] - [com.cgi.mobile.controller.MobileServiceController.createMobileCustomer(MobileServiceController.java:41)] - inside createMobileCustomer method ...
2023-05-04 13:45:52,361 [http-nio-8083-exec-7] [INFO ] - [com.cgi.mobile.service.MobileCustomerServiceImpl.saveMobileCustomers(MobileCustomerServiceImpl.java:31)] - inside saveMobileCustomers method..
2023-05-04 13:48:18,326 [http-nio-8083-exec-8] [INFO ] - [com.cgi.mobile.controller.MobileServiceController.getMobileCustomerById(MobileServiceController.java:68)] - inside getMobileCustomerByAccountNumber method ...
2023-05-04 13:48:18,326 [http-nio-8083-exec-8] [INFO ] - [com.cgi.mobile.service.MobileCustomerServiceImpl.getMobileCustomerByEquipmentId(MobileCustomerServiceImpl.java:44)] - inside  getMobileCustomerByEquipmentId() method..
2023-05-04 13:48:23,608 [http-nio-8083-exec-9] [INFO ] - [com.cgi.mobile.controller.MobileServiceController.getMobileCustomerById(MobileServiceController.java:68)] - inside getMobileCustomerByAccountNumber method ...
2023-05-04 13:48:23,608 [http-nio-8083-exec-9] [INFO ] - [com.cgi.mobile.service.MobileCustomerServiceImpl.getMobileCustomerByEquipmentId(MobileCustomerServiceImpl.java:44)] - inside  getMobileCustomerByEquipmentId() method..
2023-05-04 13:48:28,361 [http-nio-8083-exec-10] [INFO ] - [com.cgi.mobile.controller.MobileServiceController.getMobileCustomerById(MobileServiceController.java:68)] - inside getMobileCustomerByAccountNumber method ...
2023-05-04 13:48:28,361 [http-nio-8083-exec-10] [INFO ] - [com.cgi.mobile.service.MobileCustomerServiceImpl.getMobileCustomerByEquipmentId(MobileCustomerServiceImpl.java:44)] - inside  getMobileCustomerByEquipmentId() method..
2023-05-04 13:48:33,307 [http-nio-8083-exec-1] [INFO ] - [com.cgi.mobile.controller.MobileServiceController.getMobileCustomerById(MobileServiceController.java:68)] - inside getMobileCustomerByAccountNumber method ...
2023-05-04 13:48:33,308 [http-nio-8083-exec-1] [INFO ] - [com.cgi.mobile.service.MobileCustomerServiceImpl.getMobileCustomerByEquipmentId(MobileCustomerServiceImpl.java:44)] - inside  getMobileCustomerByEquipmentId() method..
2023-05-04 13:48:49,587 [http-nio-8083-exec-2] [INFO ] - [com.cgi.mobile.controller.MobileServiceController.createMobileCustomer(MobileServiceController.java:41)] - inside createMobileCustomer method ...
2023-05-04 13:48:49,588 [http-nio-8083-exec-2] [INFO ] - [com.cgi.mobile.service.MobileCustomerServiceImpl.saveMobileCustomers(MobileCustomerServiceImpl.java:31)] - inside saveMobileCustomers method..
2023-05-04 13:49:16,746 [http-nio-8083-exec-3] [INFO ] - [com.cgi.mobile.controller.MobileServiceController.createMobileCustomer(MobileServiceController.java:41)] - inside createMobileCustomer method ...
2023-05-04 13:49:16,747 [http-nio-8083-exec-3] [INFO ] - [com.cgi.mobile.service.MobileCustomerServiceImpl.saveMobileCustomers(MobileCustomerServiceImpl.java:31)] - inside saveMobileCustomers method..
2023-05-04 13:50:15,999 [http-nio-8083-exec-4] [INFO ] - [com.cgi.mobile.controller.MobileServiceController.getMobileCustomerByAccountNumber(MobileServiceController.java:81)] - inside getMobileCustomerByAccountNumber method ...
2023-05-04 13:50:16,000 [http-nio-8083-exec-4] [INFO ] - [com.cgi.mobile.service.MobileCustomerServiceImpl.getMobileCustomersByAccountNumber(MobileCustomerServiceImpl.java:53)] - inside  getMobileCustomersByAccountNumber(String accountNumber) method..
2023-05-04 13:50:16,134 [http-nio-8083-exec-4] [INFO ] - [com.cgi.mobile.service.MobileCustomerServiceImpl.getMobileCustomersByAccountNumber(MobileCustomerServiceImpl.java:56)] -  getMobileCustomersByAccountNumber(String accountNumber) method completed sucessfully 
2023-05-04 13:50:50,444 [http-nio-8083-exec-5] [INFO ] - [com.cgi.mobile.controller.MobileServiceController.getMobileCustomerByAccountNumber(MobileServiceController.java:81)] - inside getMobileCustomerByAccountNumber method ...
2023-05-04 13:50:50,445 [http-nio-8083-exec-5] [INFO ] - [com.cgi.mobile.service.MobileCustomerServiceImpl.getMobileCustomersByAccountNumber(MobileCustomerServiceImpl.java:53)] - inside  getMobileCustomersByAccountNumber(String accountNumber) method..
2023-05-04 13:50:50,455 [http-nio-8083-exec-5] [INFO ] - [com.cgi.mobile.service.MobileCustomerServiceImpl.getMobileCustomersByAccountNumber(MobileCustomerServiceImpl.java:56)] -  getMobileCustomersByAccountNumber(String accountNumber) method completed sucessfully 
2023-05-04 13:51:03,652 [http-nio-8083-exec-6] [INFO ] - [com.cgi.mobile.controller.MobileServiceController.getMobileCustomerByAccountNumber(MobileServiceController.java:81)] - inside getMobileCustomerByAccountNumber method ...
2023-05-04 13:51:03,654 [http-nio-8083-exec-6] [INFO ] - [com.cgi.mobile.service.MobileCustomerServiceImpl.getMobileCustomersByAccountNumber(MobileCustomerServiceImpl.java:53)] - inside  getMobileCustomersByAccountNumber(String accountNumber) method..
2023-05-04 13:51:03,665 [http-nio-8083-exec-6] [INFO ] - [com.cgi.mobile.service.MobileCustomerServiceImpl.getMobileCustomersByAccountNumber(MobileCustomerServiceImpl.java:56)] -  getMobileCustomersByAccountNumber(String accountNumber) method completed sucessfully 
2023-05-04 13:53:15,313 [http-nio-8083-exec-8] [INFO ] - [com.cgi.mobile.controller.MobileServiceController.getMobileCustomerByAccountNumber(MobileServiceController.java:81)] - inside getMobileCustomerByAccountNumber method ...
2023-05-04 13:53:15,313 [http-nio-8083-exec-8] [INFO ] - [com.cgi.mobile.service.MobileCustomerServiceImpl.getMobileCustomersByAccountNumber(MobileCustomerServiceImpl.java:53)] - inside  getMobileCustomersByAccountNumber(String accountNumber) method..
2023-05-04 13:53:15,319 [http-nio-8083-exec-8] [INFO ] - [com.cgi.mobile.service.MobileCustomerServiceImpl.getMobileCustomersByAccountNumber(MobileCustomerServiceImpl.java:56)] -  getMobileCustomersByAccountNumber(String accountNumber) method completed sucessfully 
2023-05-12 02:14:33,325 [restartedMain] [INFO ] - [org.springframework.boot.StartupInfoLogger.logStarting(StartupInfoLogger.java:55)] - Starting MobileCustomerServiceApplication using Java 17.0.5 on DESKTOP-0PPGPSM with PID 18368 (C:\Projects\TechVaulte\MobileCustomerService\target\classes started by podda in C:\Projects\TechVaulte\MobileCustomerService)
2023-05-12 02:14:33,381 [restartedMain] [DEBUG] - [org.springframework.boot.StartupInfoLogger.logStarting(StartupInfoLogger.java:56)] - Running with Spring Boot v2.7.10, Spring v5.3.26
2023-05-12 02:14:33,384 [restartedMain] [INFO ] - [org.springframework.boot.SpringApplication.logStartupProfileInfo(SpringApplication.java:631)] - No active profile set, falling back to 1 default profile: "default"
2023-05-12 02:16:01,960 [restartedMain] [INFO ] - [org.springframework.boot.StartupInfoLogger.logStarting(StartupInfoLogger.java:55)] - Starting MobileCustomerServiceApplication using Java 17.0.5 on DESKTOP-0PPGPSM with PID 16084 (C:\Projects\TechVaulte\MobileCustomerService\target\classes started by podda in C:\Projects\TechVaulte\MobileCustomerService)
2023-05-12 02:16:01,972 [restartedMain] [DEBUG] - [org.springframework.boot.StartupInfoLogger.logStarting(StartupInfoLogger.java:56)] - Running with Spring Boot v2.7.10, Spring v5.3.26
2023-05-12 02:16:01,973 [restartedMain] [INFO ] - [org.springframework.boot.SpringApplication.logStartupProfileInfo(SpringApplication.java:631)] - No active profile set, falling back to 1 default profile: "default"
2023-05-12 02:16:09,412 [restartedMain] [INFO ] - [org.springframework.boot.StartupInfoLogger.logStarted(StartupInfoLogger.java:61)] - Started MobileCustomerServiceApplication in 8.184 seconds (JVM running for 9.883)
2023-05-12 02:16:09,419 [restartedMain] [INFO ] - [com.cgi.mobile.MobileCustomerServiceApplication.main(MobileCustomerServiceApplication.java:19)] -  >>>>>>>>>>>>>>>>>>> POC02 MOBILE-SERVICE(MS-1) Springboot application - Started Successfully >>>>>>>>>>>>>>>>> 
2023-05-12 02:16:57,905 [http-nio-8083-exec-7] [INFO ] - [com.cgi.mobile.controller.MobileServiceController.getAllMobileCustomer(MobileServiceController.java:54)] - inside getAllMobileCustomer() method ...
2023-05-12 02:16:57,906 [http-nio-8083-exec-7] [INFO ] - [com.cgi.mobile.service.MobileCustomerServiceImpl.getAllMobileCustomers(MobileCustomerServiceImpl.java:37)] - inside getAllMobileCustomers() method..
2023-05-12 02:17:10,761 [http-nio-8083-exec-8] [INFO ] - [com.cgi.mobile.controller.MobileServiceController.getMobileCustomerByAccountNumber(MobileServiceController.java:81)] - inside getMobileCustomerByAccountNumber method ...
2023-05-12 02:17:10,761 [http-nio-8083-exec-8] [INFO ] - [com.cgi.mobile.service.MobileCustomerServiceImpl.getMobileCustomersByAccountNumber(MobileCustomerServiceImpl.java:53)] - inside  getMobileCustomersByAccountNumber(String accountNumber) method..
2023-05-12 02:17:10,847 [http-nio-8083-exec-8] [INFO ] - [com.cgi.mobile.service.MobileCustomerServiceImpl.getMobileCustomersByAccountNumber(MobileCustomerServiceImpl.java:56)] -  getMobileCustomersByAccountNumber(String accountNumber) method completed sucessfully 
